<?xml version="1.0" encoding="UTF-8" ?>
<testsuite tests="19" failures="0" name="com.muratkuk.nesneproje.ExerciseLogTest" time="0.058" errors="0" skipped="0">
  <properties>
    <property name="java.runtime.name" value="Java(TM) SE Runtime Environment"/>
    <property name="java.vm.version" value="19.0.2+7-44"/>
    <property name="sun.boot.library.path" value="C:\Program Files\Java\jdk-19\bin"/>
    <property name="user.country.format" value="TR"/>
    <property name="maven.multiModuleProjectDirectory" value="C:\Users\muratkuk\Documents\NetBeansProjects\NesneProje"/>
    <property name="java.vm.vendor" value="Oracle Corporation"/>
    <property name="java.vendor.url" value="https://java.oracle.com/"/>
    <property name="guice.disable.misplaced.annotation.check" value="true"/>
    <property name="path.separator" value=";"/>
    <property name="java.vm.name" value="Java HotSpot(TM) 64-Bit Server VM"/>
    <property name="sun.os.patch.level" value=""/>
    <property name="user.script" value=""/>
    <property name="user.country" value="US"/>
    <property name="sun.java.launcher" value="SUN_STANDARD"/>
    <property name="java.vm.specification.name" value="Java Virtual Machine Specification"/>
    <property name="user.dir" value="C:\Users\muratkuk\Documents\NetBeansProjects\NesneProje"/>
    <property name="java.vm.compressedOopsMode" value="Zero based"/>
    <property name="java.runtime.version" value="19.0.2+7-44"/>
    <property name="os.arch" value="amd64"/>
    <property name="java.io.tmpdir" value="C:\Users\muratkuk\AppData\Local\Temp\"/>
    <property name="line.separator" value="
"/>
    <property name="java.vm.specification.vendor" value="Oracle Corporation"/>
    <property name="user.variant" value=""/>
    <property name="stderr.encoding" value="Cp1254"/>
    <property name="os.name" value="Windows 11"/>
    <property name="maven.ext.class.path" value="C:\Program Files\NetBeans-17\netbeans\java\maven-nblib\netbeans-eventspy.jar"/>
    <property name="classworlds.conf" value="C:\Program Files\NetBeans-17\netbeans\java\maven\bin\m2.conf"/>
    <property name="sun.jnu.encoding" value="Cp1254"/>
    <property name="stdout.encoding" value="Cp1254"/>
    <property name="java.library.path" value="C:\Program Files\Java\jdk-19\bin;C:\Windows\Sun\Java\bin;C:\Windows\system32;C:\Windows;C:\Program Files\Common Files\Oracle\Java\javapath;C:\Program Files (x86)\Common Files\Oracle\Java\javapath;C:\Windows\system32;C:\Windows;C:\Windows\System32\Wbem;C:\Windows\System32\WindowsPowerShell\v1.0\;C:\Windows\System32\OpenSSH\;C:\Program Files\dotnet\;C:\Program Files (x86)\NVIDIA Corporation\PhysX\Common;C:\Program Files (x86)\Windows Kits\10\Windows Performance Toolkit\;C:\Program Files\MATLAB\R2023a\bin;C:\Program Files\Java\jdk-19\bin;C:\Program Files\PowerShell\7\;C:\Program Files\Git\cmd;C:\Strawberry\c\bin;C:\Strawberry\perl\site\bin;C:\Strawberry\perl\bin;C:\Program Files\Java\jre1.8.0_361\bin;C:\apache-maven-3.9.2\bin;C:\Users\muratkuk\AppData\Local\Programs\Python\Python311\Scripts\;C:\Users\muratkuk\AppData\Local\Programs\Python\Python311\;C:\Users\muratkuk\AppData\Local\Microsoft\WindowsApps;C:\Users\muratkuk\AppData\Local\Programs\Microsoft VS Code\bin;C:\msys64\mingw64\bin;C:\Users\muratkuk\AppData\Local\Programs\oh-my-posh\bin;C:\Users\muratkuk\AppData\Local\Programs\MiKTeX\miktex\bin\x64\;."/>
    <property name="maven.conf" value="C:\Program Files\NetBeans-17\netbeans\java\maven/conf"/>
    <property name="jdk.debug" value="release"/>
    <property name="java.class.version" value="63.0"/>
    <property name="java.specification.name" value="Java Platform API Specification"/>
    <property name="sun.management.compiler" value="HotSpot 64-Bit Tiered Compilers"/>
    <property name="os.version" value="10.0"/>
    <property name="library.jansi.path" value="C:\Program Files\NetBeans-17\netbeans\java\maven\lib\jansi-native"/>
    <property name="user.home" value="C:\Users\muratkuk"/>
    <property name="user.timezone" value="Europe/Istanbul"/>
    <property name="file.encoding" value="UTF-8"/>
    <property name="java.specification.version" value="19"/>
    <property name="user.name" value="muratkuk"/>
    <property name="java.class.path" value="C:\Program Files\NetBeans-17\netbeans\java\maven\boot\plexus-classworlds-2.6.0.jar"/>
    <property name="java.vm.specification.version" value="19"/>
    <property name="sun.arch.data.model" value="64"/>
    <property name="sun.java.command" value="org.codehaus.plexus.classworlds.launcher.Launcher -Dmaven.ext.class.path=C:\Program Files\NetBeans-17\netbeans\java\maven-nblib\netbeans-eventspy.jar --no-transfer-progress clean install"/>
    <property name="java.home" value="C:\Program Files\Java\jdk-19"/>
    <property name="user.language" value="en"/>
    <property name="java.specification.vendor" value="Oracle Corporation"/>
    <property name="user.language.format" value="tr"/>
    <property name="java.vm.info" value="mixed mode, sharing"/>
    <property name="java.version" value="19.0.2"/>
    <property name="native.encoding" value="Cp1254"/>
    <property name="java.vendor" value="Oracle Corporation"/>
    <property name="maven.home" value="C:\Program Files\NetBeans-17\netbeans\java\maven"/>
    <property name="file.separator" value="\"/>
    <property name="java.version.date" value="2023-01-17"/>
    <property name="java.vendor.url.bug" value="https://bugreport.java.com/bugreport/"/>
    <property name="sun.io.unicode.encoding" value="UnicodeLittle"/>
    <property name="sun.cpu.endian" value="little"/>
    <property name="sun.cpu.isalist" value="amd64"/>
  </properties>
  <testcase classname="com.muratkuk.nesneproje.ExerciseLogTest" name="testGetSpeedScore" time="0.006"/>
  <testcase classname="com.muratkuk.nesneproje.ExerciseLogTest" name="testSetCorrectAnswers" time="0"/>
  <testcase classname="com.muratkuk.nesneproje.ExerciseLogTest" name="testGetEndTime" time="0"/>
  <testcase classname="com.muratkuk.nesneproje.ExerciseLogTest" name="testGetAccuracyScore" time="0"/>
  <testcase classname="com.muratkuk.nesneproje.ExerciseLogTest" name="testGetStartTime" time="0.001"/>
  <testcase classname="com.muratkuk.nesneproje.ExerciseLogTest" name="testGetQuestions" time="0"/>
  <testcase classname="com.muratkuk.nesneproje.ExerciseLogTest" name="testGetCorrectAnswers" time="0"/>
  <testcase classname="com.muratkuk.nesneproje.ExerciseLogTest" name="testGetResponseTimes" time="0.001"/>
  <testcase classname="com.muratkuk.nesneproje.ExerciseLogTest" name="testEndExercise" time="0"/>
  <testcase classname="com.muratkuk.nesneproje.ExerciseLogTest" name="testLogQuestion" time="0.001"/>
  <testcase classname="com.muratkuk.nesneproje.ExerciseLogTest" name="testSaveToFile" time="0.047"/>
  <testcase classname="com.muratkuk.nesneproje.ExerciseLogTest" name="testSetStartTime" time="0"/>
  <testcase classname="com.muratkuk.nesneproje.ExerciseLogTest" name="testSetEndTime" time="0"/>
  <testcase classname="com.muratkuk.nesneproje.ExerciseLogTest" name="testSetQuestions" time="0.001"/>
  <testcase classname="com.muratkuk.nesneproje.ExerciseLogTest" name="testGetExerciseName" time="0"/>
  <testcase classname="com.muratkuk.nesneproje.ExerciseLogTest" name="testSetUsername" time="0"/>
  <testcase classname="com.muratkuk.nesneproje.ExerciseLogTest" name="testGetUsername" time="0"/>
  <testcase classname="com.muratkuk.nesneproje.ExerciseLogTest" name="testSetExerciseName" time="0.001"/>
  <testcase classname="com.muratkuk.nesneproje.ExerciseLogTest" name="testSetResponseTimes" time="0"/>
</testsuite>